TN:
SF:calcsimples.js
FN:2,(anonymous_0)
FN:5,(anonymous_1)
FN:8,(anonymous_2)
FN:11,(anonymous_3)
FNF:4
FNH:4
FNDA:1,(anonymous_0)
FNDA:1,(anonymous_1)
FNDA:1,(anonymous_2)
FNDA:2,(anonymous_3)
DA:1,1
DA:3,1
DA:6,1
DA:9,1
DA:12,2
DA:13,1
DA:15,1
LF:7
LH:7
BRDA:12,0,0,1
BRDA:12,0,1,1
BRF:2
BRH:2
end_of_record
TN:
SF:lista.js
FN:1,ordenarNumeros
FN:3,(anonymous_1)
FN:5,(anonymous_2)
FNF:3
FNH:3
FNDA:3,ordenarNumeros
FNDA:18,(anonymous_1)
FNDA:21,(anonymous_2)
DA:2,3
DA:3,18
DA:4,2
DA:5,21
DA:7,1
DA:11,1
LF:6
LH:6
BRDA:1,0,0,1
BRDA:2,1,0,1
BRDA:2,1,1,2
BRDA:4,2,0,1
BRDA:4,2,1,1
BRF:5
BRH:5
end_of_record
TN:
SF:numerosprimos.js
FN:1,isPrime
FNF:1
FNH:1
FNDA:12,isPrime
DA:2,12
DA:3,1
DA:5,11
DA:6,12
DA:7,5
DA:10,6
DA:13,1
LF:7
LH:7
BRDA:2,0,0,1
BRDA:2,0,1,11
BRDA:6,1,0,5
BRDA:6,1,1,7
BRF:4
BRH:4
end_of_record
TN:
SF:palindromo.js
FN:1,ehPalindromo
FNF:1
FNH:1
FNDA:3,ehPalindromo
DA:2,3
DA:3,3
DA:6,1
LF:3
LH:3
BRF:0
BRH:0
end_of_record
TN:
SF:soma.js
FN:1,somar
FNF:1
FNH:1
FNDA:1,somar
DA:2,1
DA:5,1
LF:2
LH:2
BRF:0
BRH:0
end_of_record
TN:
SF:temperatura.js
FN:1,celsiusParaFahrenheit
FN:5,fahrenheitParaCelsius
FNF:2
FNH:2
FNDA:2,celsiusParaFahrenheit
FNDA:2,fahrenheitParaCelsius
DA:2,2
DA:6,2
DA:9,1
LF:3
LH:3
BRF:0
BRH:0
end_of_record
TN:
SF:validarcpf.js
FN:1,validarCPF
FN:8,(anonymous_1)
FNF:2
FNH:2
FNDA:2,validarCPF
FNDA:4,(anonymous_1)
DA:2,2
DA:4,2
DA:5,0
DA:8,4
DA:9,2
DA:10,0
DA:13,2
DA:14,2
DA:15,18
DA:17,2
DA:18,2
DA:19,1
DA:22,2
DA:23,1
DA:26,1
DA:27,1
DA:28,10
DA:30,1
DA:31,1
DA:32,0
DA:35,1
DA:36,0
DA:39,1
DA:42,1
LF:24
LH:20
BRDA:4,0,0,0
BRDA:4,0,1,2
BRDA:9,1,0,0
BRDA:9,1,1,2
BRDA:18,2,0,1
BRDA:18,2,1,1
BRDA:22,3,0,1
BRDA:22,3,1,1
BRDA:31,4,0,0
BRDA:31,4,1,1
BRDA:35,5,0,0
BRDA:35,5,1,1
BRF:12
BRH:8
end_of_record
